This file contains any messages produced by compilers while
running configure, to aid debugging if configure makes a mistake.

It was created by poker-eval configure 138.0, which was
generated by GNU Autoconf 2.71.  Invocation command line was

  $ ./configure

## --------- ##
## Platform. ##
## --------- ##

hostname = Williams-MacBook-Pro-2.local
uname -m = x86_64
uname -r = 19.6.0
uname -s = Darwin
uname -v = Darwin Kernel Version 19.6.0: Thu Oct 29 22:56:45 PDT 2020; root:xnu-6153.141.2.2~1/RELEASE_X86_64

/usr/bin/uname -p = i386
/bin/uname -X     = unknown

/bin/arch              = unknown
/usr/bin/arch -k       = unknown
/usr/convex/getsysinfo = unknown
/usr/bin/hostinfo      = Mach kernel version:
	 Darwin Kernel Version 19.6.0: Thu Oct 29 22:56:45 PDT 2020; root:xnu-6153.141.2.2~1/RELEASE_X86_64
Kernel configured for up to 4 processors.
2 processors are physically available.
4 processors are logically available.
Processor type: x86_64h (Intel x86-64h Haswell)
Processors active: 0 1 2 3
Primary memory available: 8.00 gigabytes
Default processor set: 388 tasks, 1478 threads, 4 processors
Load average: 2.03, Mach factor: 2.12
/bin/machine           = unknown
/usr/bin/oslevel       = unknown
/bin/universe          = unknown

PATH: /Users/williampeng/.rvm/gems/ruby-2.6.6/bin/
PATH: /Users/williampeng/.rvm/gems/ruby-2.6.6@global/bin/
PATH: /Users/williampeng/.rvm/rubies/ruby-2.6.6/bin/
PATH: /Library/Frameworks/Python.framework/Versions/3.9/bin/
PATH: /usr/local/bin/
PATH: /usr/bin/
PATH: /bin/
PATH: /usr/sbin/
PATH: /sbin/
PATH: /Library/TeX/texbin/
PATH: /usr/local/go/bin/
PATH: /opt/X11/bin/
PATH: /Library/Apple/usr/bin/
PATH: /Users/williampeng/Library/Python/3.9/bin/
PATH: /Users/williampeng/.local/bin/
PATH: /Users/williampeng/.rvm/bin/
PATH: /Users/williampeng/Library/Python/3.9/bin/
PATH: /Users/williampeng/.local/bin/


## ----------- ##
## Core tests. ##
## ----------- ##

configure:2655: looking for aux files: ltmain.sh compile missing install-sh config.guess config.sub
configure:2668:  trying ./config/
configure:2697:   ./config/ltmain.sh found
configure:2697:   ./config/compile found
configure:2697:   ./config/missing found
configure:2679:   ./config/install-sh found
configure:2697:   ./config/config.guess found
configure:2697:   ./config/config.sub found
configure:2816: checking build system type
configure:2831: result: x86_64-apple-darwin19.6.0
configure:2851: checking host system type
configure:2865: result: x86_64-apple-darwin19.6.0
configure:2885: checking target system type
configure:2899: result: x86_64-apple-darwin19.6.0
configure:2943: checking for a BSD-compatible install
configure:3016: result: /usr/local/bin/ginstall -c
configure:3027: checking whether build environment is sane
configure:3082: result: yes
configure:3122: WARNING: 'missing' script is too old or missing
configure:3246: checking for a race-free mkdir -p
configure:3290: result: /usr/local/bin/gmkdir -p
configure:3297: checking for gawk
configure:3332: result: no
configure:3297: checking for mawk
configure:3332: result: no
configure:3297: checking for nawk
configure:3332: result: no
configure:3297: checking for awk
configure:3318: found /usr/bin/awk
configure:3329: result: awk
configure:3340: checking whether make sets $(MAKE)
configure:3363: result: yes
configure:3393: checking whether make supports nested variables
configure:3411: result: yes
configure:3538: checking whether make sets $(MAKE)
configure:3561: result: yes
configure:3583: checking whether make supports the include directive
configure:3598: make -f confmf.GNU && cat confinc.out
this is the am__doit target
configure:3601: $? = 0
configure:3620: result: yes (GNU style)
configure:3696: checking for gcc
configure:3717: found /usr/bin/gcc
configure:3728: result: gcc
configure:4081: checking for C compiler version
configure:4090: gcc --version >&5
Apple clang version 11.0.3 (clang-1103.0.32.62)
Target: x86_64-apple-darwin19.6.0
Thread model: posix
InstalledDir: /Applications/Xcode.app/Contents/Developer/Toolchains/XcodeDefault.xctoolchain/usr/bin
Configured with: --prefix=/Applications/Xcode.app/Contents/Developer/usr --with-gxx-include-dir=/Applications/Xcode.app/Contents/Developer/Platforms/MacOSX.platform/Developer/SDKs/MacOSX.sdk/usr/include/c++/4.2.1
configure:4101: $? = 0
configure:4090: gcc -v >&5
Configured with: --prefix=/Applications/Xcode.app/Contents/Developer/usr --with-gxx-include-dir=/Applications/Xcode.app/Contents/Developer/Platforms/MacOSX.platform/Developer/SDKs/MacOSX.sdk/usr/include/c++/4.2.1
Apple clang version 11.0.3 (clang-1103.0.32.62)
Target: x86_64-apple-darwin19.6.0
Thread model: posix
InstalledDir: /Applications/Xcode.app/Contents/Developer/Toolchains/XcodeDefault.xctoolchain/usr/bin
configure:4101: $? = 0
configure:4090: gcc -V >&5
clang: error: unsupported option '-V -Wno-objc-signed-char-bool-implicit-int-conversion'
clang: error: no input files
configure:4101: $? = 1
configure:4090: gcc -qversion >&5
clang: error: unknown argument '-qversion'; did you mean '--version'?
clang: error: no input files
configure:4101: $? = 1
configure:4090: gcc -version >&5
clang: error: unknown argument '-version'; did you mean '--version'?
clang: error: no input files
configure:4101: $? = 1
configure:4121: checking whether the C compiler works
configure:4143: gcc    conftest.c  >&5
configure:4147: $? = 0
configure:4197: result: yes
configure:4200: checking for C compiler default output file name
configure:4202: result: a.out
configure:4208: checking for suffix of executables
configure:4215: gcc -o conftest    conftest.c  >&5
configure:4219: $? = 0
configure:4242: result: 
configure:4264: checking whether we are cross compiling
configure:4272: gcc -o conftest    conftest.c  >&5
configure:4276: $? = 0
configure:4283: ./conftest
configure:4287: $? = 0
configure:4302: result: no
configure:4307: checking for suffix of object files
configure:4330: gcc -c   conftest.c >&5
configure:4334: $? = 0
configure:4356: result: o
configure:4360: checking whether the compiler supports GNU C
configure:4380: gcc -c   conftest.c >&5
configure:4380: $? = 0
configure:4390: result: yes
configure:4401: checking whether gcc accepts -g
configure:4422: gcc -c -g  conftest.c >&5
configure:4422: $? = 0
configure:4466: result: yes
configure:4486: checking for gcc option to enable C11 features
configure:4501: gcc  -c -g -O2  conftest.c >&5
configure:4501: $? = 0
configure:4519: result: none needed
configure:4635: checking whether gcc understands -c and -o together
configure:4658: gcc -c conftest.c -o conftest2.o
configure:4661: $? = 0
configure:4658: gcc -c conftest.c -o conftest2.o
configure:4661: $? = 0
configure:4673: result: yes
configure:4692: checking dependency style of gcc
configure:4804: result: gcc3
configure:4824: checking for stdio.h
configure:4824: gcc -c -g -O2  conftest.c >&5
configure:4824: $? = 0
configure:4824: result: yes
configure:4824: checking for stdlib.h
configure:4824: gcc -c -g -O2  conftest.c >&5
configure:4824: $? = 0
configure:4824: result: yes
configure:4824: checking for string.h
configure:4824: gcc -c -g -O2  conftest.c >&5
configure:4824: $? = 0
configure:4824: result: yes
configure:4824: checking for inttypes.h
configure:4824: gcc -c -g -O2  conftest.c >&5
configure:4824: $? = 0
configure:4824: result: yes
configure:4824: checking for stdint.h
configure:4824: gcc -c -g -O2  conftest.c >&5
configure:4824: $? = 0
configure:4824: result: yes
configure:4824: checking for strings.h
configure:4824: gcc -c -g -O2  conftest.c >&5
configure:4824: $? = 0
configure:4824: result: yes
configure:4824: checking for sys/stat.h
configure:4824: gcc -c -g -O2  conftest.c >&5
configure:4824: $? = 0
configure:4824: result: yes
configure:4824: checking for sys/types.h
configure:4824: gcc -c -g -O2  conftest.c >&5
configure:4824: $? = 0
configure:4824: result: yes
configure:4824: checking for unistd.h
configure:4824: gcc -c -g -O2  conftest.c >&5
configure:4824: $? = 0
configure:4824: result: yes
configure:4824: checking for wchar.h
configure:4824: gcc -c -g -O2  conftest.c >&5
configure:4824: $? = 0
configure:4824: result: yes
configure:4824: checking for minix/config.h
configure:4824: gcc -c -g -O2  conftest.c >&5
conftest.c:49:10: fatal error: 'minix/config.h' file not found
#include <minix/config.h>
         ^~~~~~~~~~~~~~~~
1 error generated.
configure:4824: $? = 1
configure: failed program was:
| /* confdefs.h */
| #define PACKAGE_NAME "poker-eval"
| #define PACKAGE_TARNAME "poker-eval"
| #define PACKAGE_VERSION "138.0"
| #define PACKAGE_STRING "poker-eval 138.0"
| #define PACKAGE_BUGREPORT ""
| #define PACKAGE_URL ""
| #define PACKAGE "poker-eval"
| #define VERSION "138.0"
| #define HAVE_STDIO_H 1
| #define HAVE_STDLIB_H 1
| #define HAVE_STRING_H 1
| #define HAVE_INTTYPES_H 1
| #define HAVE_STDINT_H 1
| #define HAVE_STRINGS_H 1
| #define HAVE_SYS_STAT_H 1
| #define HAVE_SYS_TYPES_H 1
| #define HAVE_UNISTD_H 1
| #define HAVE_WCHAR_H 1
| /* end confdefs.h.  */
| #include <stddef.h>
| #ifdef HAVE_STDIO_H
| # include <stdio.h>
| #endif
| #ifdef HAVE_STDLIB_H
| # include <stdlib.h>
| #endif
| #ifdef HAVE_STRING_H
| # include <string.h>
| #endif
| #ifdef HAVE_INTTYPES_H
| # include <inttypes.h>
| #endif
| #ifdef HAVE_STDINT_H
| # include <stdint.h>
| #endif
| #ifdef HAVE_STRINGS_H
| # include <strings.h>
| #endif
| #ifdef HAVE_SYS_TYPES_H
| # include <sys/types.h>
| #endif
| #ifdef HAVE_SYS_STAT_H
| # include <sys/stat.h>
| #endif
| #ifdef HAVE_UNISTD_H
| # include <unistd.h>
| #endif
| #include <minix/config.h>
configure:4824: result: no
configure:4855: checking whether it is safe to define __EXTENSIONS__
configure:4874: gcc -c -g -O2  conftest.c >&5
configure:4874: $? = 0
configure:4882: result: yes
configure:4885: checking whether _XOPEN_SOURCE should be defined
configure:4907: gcc -c -g -O2  conftest.c >&5
configure:4907: $? = 0
configure:4934: result: no
configure:5044: checking for gcc
configure:5076: result: gcc
configure:5429: checking for C compiler version
configure:5438: gcc --version >&5
Apple clang version 11.0.3 (clang-1103.0.32.62)
Target: x86_64-apple-darwin19.6.0
Thread model: posix
InstalledDir: /Applications/Xcode.app/Contents/Developer/Toolchains/XcodeDefault.xctoolchain/usr/bin
Configured with: --prefix=/Applications/Xcode.app/Contents/Developer/usr --with-gxx-include-dir=/Applications/Xcode.app/Contents/Developer/Platforms/MacOSX.platform/Developer/SDKs/MacOSX.sdk/usr/include/c++/4.2.1
configure:5449: $? = 0
configure:5438: gcc -v >&5
Configured with: --prefix=/Applications/Xcode.app/Contents/Developer/usr --with-gxx-include-dir=/Applications/Xcode.app/Contents/Developer/Platforms/MacOSX.platform/Developer/SDKs/MacOSX.sdk/usr/include/c++/4.2.1
Apple clang version 11.0.3 (clang-1103.0.32.62)
Target: x86_64-apple-darwin19.6.0
Thread model: posix
InstalledDir: /Applications/Xcode.app/Contents/Developer/Toolchains/XcodeDefault.xctoolchain/usr/bin
configure:5449: $? = 0
configure:5438: gcc -V >&5
clang: error: unsupported option '-V -Wno-objc-signed-char-bool-implicit-int-conversion'
clang: error: no input files
configure:5449: $? = 1
configure:5438: gcc -qversion >&5
clang: error: unknown argument '-qversion'; did you mean '--version'?
clang: error: no input files
configure:5449: $? = 1
configure:5438: gcc -version >&5
clang: error: unknown argument '-version'; did you mean '--version'?
clang: error: no input files
configure:5449: $? = 1
configure:5453: checking whether the compiler supports GNU C
configure:5483: result: yes
configure:5494: checking whether gcc accepts -g
configure:5559: result: yes
configure:5579: checking for gcc option to enable C11 features
configure:5612: result: none needed
configure:5728: checking whether gcc understands -c and -o together
configure:5766: result: yes
configure:5785: checking dependency style of gcc
configure:5897: result: gcc3
configure:5959: checking how to print strings
configure:5986: result: printf
configure:6007: checking for a sed that does not truncate output
configure:6077: result: /usr/bin/sed
configure:6095: checking for grep that handles long lines and -e
configure:6159: result: /usr/bin/grep
configure:6164: checking for egrep
configure:6232: result: /usr/bin/grep -E
configure:6237: checking for fgrep
configure:6305: result: /usr/bin/grep -F
configure:6341: checking for ld used by gcc
configure:6409: result: /Applications/Xcode.app/Contents/Developer/Toolchains/XcodeDefault.xctoolchain/usr/bin/ld
configure:6416: checking if the linker (/Applications/Xcode.app/Contents/Developer/Toolchains/XcodeDefault.xctoolchain/usr/bin/ld) is GNU ld
configure:6432: result: no
configure:6444: checking for BSD- or MS-compatible name lister (nm)
configure:6499: result: /usr/bin/nm -B
configure:6639: checking the name lister (/usr/bin/nm -B) interface
configure:6647: gcc -c -g -O2  conftest.c >&5
configure:6650: /usr/bin/nm -B "conftest.o"
configure:6653: output
00000000000001e4 S _some_variable
configure:6660: result: BSD nm
configure:6663: checking whether ln -s works
configure:6667: result: yes
configure:6675: checking the maximum length of command line arguments
configure:6807: result: 196608
configure:6855: checking how to convert x86_64-apple-darwin19.6.0 file names to x86_64-apple-darwin19.6.0 format
configure:6896: result: func_convert_file_noop
configure:6903: checking how to convert x86_64-apple-darwin19.6.0 file names to toolchain format
configure:6924: result: func_convert_file_noop
configure:6931: checking for /Applications/Xcode.app/Contents/Developer/Toolchains/XcodeDefault.xctoolchain/usr/bin/ld option to reload object files
configure:6939: result: -r
configure:7018: checking for objdump
configure:7039: found /usr/bin/objdump
configure:7050: result: objdump
configure:7082: checking how to recognize dependent libraries
configure:7283: result: pass_all
configure:7373: checking for dlltool
configure:7408: result: no
configure:7438: checking how to associate runtime and link libraries
configure:7466: result: printf %s\n
configure:7531: checking for ar
configure:7552: found /usr/bin/ar
configure:7563: result: ar
configure:7600: checking for archiver @FILE support
configure:7618: gcc -c -g -O2  conftest.c >&5
configure:7618: $? = 0
configure:7622: ar cru libconftest.a @conftest.lst >&5
ar: @conftest.lst: No such file or directory
configure:7625: $? = 1
configure:7645: result: no
configure:7708: checking for strip
configure:7729: found /usr/bin/strip
configure:7740: result: strip
configure:7817: checking for ranlib
configure:7838: found /usr/bin/ranlib
configure:7849: result: ranlib
configure:7951: checking command to parse /usr/bin/nm -B output from gcc object
configure:8105: gcc -c -g -O2  conftest.c >&5
configure:8108: $? = 0
configure:8112: /usr/bin/nm -B conftest.o \| sed -n -e 's/^.*[ ]\([BCDEGRST][BCDEGRST]*\)[ ][ ]*\([_A-Za-z][_A-Za-z0-9]*\)$/\1 \2 \2/p' | sed '/ __gnu_lto/d' \> conftest.nm
configure:8115: $? = 0
cannot find nm_test_var in conftest.nm
configure:8105: gcc -c -g -O2  conftest.c >&5
configure:8108: $? = 0
configure:8112: /usr/bin/nm -B conftest.o \| sed -n -e 's/^.*[ ]\([BCDEGRST][BCDEGRST]*\)[ ][ ]*_\([_A-Za-z][_A-Za-z0-9]*\)$/\1 _\2 \2/p' | sed '/ __gnu_lto/d' \> conftest.nm
configure:8115: $? = 0
configure:8181: gcc -o conftest -g -O2   conftest.c conftstm.o >&5
warning: (x86_64)  could not find object file symbol for symbol _main
configure:8184: $? = 0
configure:8222: result: ok
configure:8269: checking for sysroot
configure:8300: result: no
configure:8307: checking for a working dd
configure:8351: result: /bin/dd
configure:8355: checking how to truncate binary pipes
configure:8371: result: /bin/dd bs=4096 count=1
configure:8708: checking for mt
configure:8743: result: no
configure:8763: checking if : is a manifest tool
configure:8770: : '-?'
configure:8778: result: no
configure:8839: checking for dsymutil
configure:8860: found /usr/bin/dsymutil
configure:8871: result: dsymutil
configure:8941: checking for nmedit
configure:8962: found /usr/bin/nmedit
configure:8973: result: nmedit
configure:9043: checking for lipo
configure:9064: found /usr/bin/lipo
configure:9075: result: lipo
configure:9145: checking for otool
configure:9166: found /usr/bin/otool
configure:9177: result: otool
configure:9247: checking for otool64
configure:9282: result: no
configure:9327: checking for -single_module linker flag
gcc -g -O2  -o libconftest.dylib -dynamiclib -Wl,-single_module conftest.c
configure:9361: result: yes
configure:9364: checking for -exported_symbols_list linker flag
configure:9385: gcc -o conftest -g -O2   -Wl,-exported_symbols_list,conftest.sym conftest.c  >&5
configure:9385: $? = 0
configure:9396: result: yes
configure:9399: checking for -force_load linker flag
gcc -g -O2 -c -o conftest.o conftest.c
ar cru libconftest.a conftest.o
ranlib libconftest.a
gcc -g -O2  -o conftest conftest.c -Wl,-force_load,./libconftest.a
configure:9432: result: yes
configure:9504: checking for dlfcn.h
configure:9504: gcc -c -g -O2  conftest.c >&5
configure:9504: $? = 0
configure:9504: result: yes
configure:9763: checking for objdir
configure:9779: result: .libs
configure:10043: checking if gcc supports -fno-rtti -fno-exceptions
configure:10062: gcc -c -g -O2  -fno-rtti -fno-exceptions conftest.c >&5
configure:10066: $? = 0
configure:10079: result: yes
configure:10437: checking for gcc option to produce PIC
configure:10445: result: -fno-common -DPIC
configure:10453: checking if gcc PIC flag -fno-common -DPIC works
configure:10472: gcc -c -g -O2  -fno-common -DPIC -DPIC conftest.c >&5
configure:10476: $? = 0
configure:10489: result: yes
configure:10518: checking if gcc static flag -static works
configure:10547: result: no
configure:10562: checking if gcc supports -c -o file.o
configure:10584: gcc -c -g -O2  -o out/conftest2.o conftest.c >&5
configure:10588: $? = 0
configure:10610: result: yes
configure:10618: checking if gcc supports -c -o file.o
configure:10666: result: yes
configure:10699: checking whether the gcc linker (/Applications/Xcode.app/Contents/Developer/Toolchains/XcodeDefault.xctoolchain/usr/bin/ld) supports shared libraries
configure:11965: result: yes
configure:12206: checking dynamic linker characteristics
configure:13027: result: darwin19.6.0 dyld
configure:13149: checking how to hardcode library paths into programs
configure:13174: result: immediate
configure:13726: checking whether stripping libraries is possible
configure:13740: result: yes
configure:13766: checking if libtool supports shared libraries
configure:13768: result: yes
configure:13771: checking whether to build shared libraries
configure:13796: result: yes
configure:13799: checking whether to build static libraries
configure:13803: result: yes
configure:13842: checking for awk
configure:13865: found /usr/bin/awk
configure:13877: result: /usr/bin/awk
configure:13889: checking for md5sum
configure:13912: found /usr/local/bin/md5sum
configure:13924: result: /usr/local/bin/md5sum
configure:13982: checking for valgrind
configure:14020: result: no
configure:14032: checking for library containing strerror
configure:14062: gcc -o conftest -g -O2  -std=c99 -Wall -Wpointer-arith -Wstrict-prototypes  conftest.c  >&5
conftest.c:44:15: warning: this function declaration is not a prototype [-Wstrict-prototypes]
char strerror ();
              ^
               void
conftest.c:44:6: warning: incompatible redeclaration of library function 'strerror' [-Wincompatible-library-redeclaration]
char strerror ();
     ^
conftest.c:44:6: note: 'strerror' is a builtin with type 'char *(int)'
2 warnings generated.
configure:14062: $? = 0
configure:14082: result: none required
configure:14094: checking for egrep
configure:14162: result: /usr/bin/grep -E
configure:14168: checking for inline
configure:14185: gcc -c -g -O2  -std=c99 -Wall -Wpointer-arith -Wstrict-prototypes conftest.c >&5
conftest.c:42:21: warning: unused function 'static_foo' [-Wunused-function]
static inline foo_t static_foo (void) {return 0; }
                    ^
1 warning generated.
configure:14185: $? = 0
configure:14194: result: inline
configure:14213: checking for an ANSI C-conforming const
configure:14280: gcc -c -g -O2  -std=c99 -Wall -Wpointer-arith -Wstrict-prototypes conftest.c >&5
configure:14280: $? = 0
configure:14288: result: yes
configure:14296: checking for inline
configure:14322: result: inline
configure:14340: checking whether byte ordering is bigendian
configure:14356: gcc -c -g -O2  -std=c99 -Wall -Wpointer-arith -Wstrict-prototypes conftest.c >&5
configure:14356: $? = 0
configure:14402: gcc -c -g -O2  -std=c99 -Wall -Wpointer-arith -Wstrict-prototypes conftest.c >&5
configure:14402: $? = 0
configure:14421: gcc -c -g -O2  -std=c99 -Wall -Wpointer-arith -Wstrict-prototypes conftest.c >&5
conftest.c:47:4: error: use of undeclared identifier 'not'
                 not big endian
                 ^
1 error generated.
configure:14421: $? = 1
configure: failed program was:
| /* confdefs.h */
| #define PACKAGE_NAME "poker-eval"
| #define PACKAGE_TARNAME "poker-eval"
| #define PACKAGE_VERSION "138.0"
| #define PACKAGE_STRING "poker-eval 138.0"
| #define PACKAGE_BUGREPORT ""
| #define PACKAGE_URL ""
| #define PACKAGE "poker-eval"
| #define VERSION "138.0"
| #define HAVE_STDIO_H 1
| #define HAVE_STDLIB_H 1
| #define HAVE_STRING_H 1
| #define HAVE_INTTYPES_H 1
| #define HAVE_STDINT_H 1
| #define HAVE_STRINGS_H 1
| #define HAVE_SYS_STAT_H 1
| #define HAVE_SYS_TYPES_H 1
| #define HAVE_UNISTD_H 1
| #define HAVE_WCHAR_H 1
| #define STDC_HEADERS 1
| #define _ALL_SOURCE 1
| #define _DARWIN_C_SOURCE 1
| #define _GNU_SOURCE 1
| #define _HPUX_ALT_XOPEN_SOCKET_API 1
| #define _NETBSD_SOURCE 1
| #define _OPENBSD_SOURCE 1
| #define _POSIX_PTHREAD_SEMANTICS 1
| #define __STDC_WANT_IEC_60559_ATTRIBS_EXT__ 1
| #define __STDC_WANT_IEC_60559_BFP_EXT__ 1
| #define __STDC_WANT_IEC_60559_DFP_EXT__ 1
| #define __STDC_WANT_IEC_60559_FUNCS_EXT__ 1
| #define __STDC_WANT_IEC_60559_TYPES_EXT__ 1
| #define __STDC_WANT_LIB_EXT2__ 1
| #define __STDC_WANT_MATH_SPEC_FUNCS__ 1
| #define _TANDEM_SOURCE 1
| #define __EXTENSIONS__ 1
| #define HAVE_DLFCN_H 1
| #define LT_OBJDIR ".libs/"
| /* end confdefs.h.  */
| #include <sys/types.h>
| 		#include <sys/param.h>
| 
| int
| main (void)
| {
| #if BYTE_ORDER != BIG_ENDIAN
| 		 not big endian
| 		#endif
| 
|   ;
|   return 0;
| }
configure:14555: result: no
configure:14578: checking size of long
configure:14584: gcc -o conftest -g -O2  -std=c99 -Wall -Wpointer-arith -Wstrict-prototypes  conftest.c  >&5
configure:14584: $? = 0
configure:14584: ./conftest
configure:14584: $? = 0
configure:14599: result: 8
configure:14607: checking for unistd.h
configure:14607: result: yes
configure:14614: checking for sys/stat.h
configure:14614: result: yes
configure:14621: checking for long long
configure:14621: gcc -c -g -O2  -std=c99 -Wall -Wpointer-arith -Wstrict-prototypes conftest.c >&5
configure:14621: $? = 0
configure:14621: gcc -c -g -O2  -std=c99 -Wall -Wpointer-arith -Wstrict-prototypes conftest.c >&5
conftest.c:74:24: error: expected expression
if (sizeof ((long long)))
                       ^
1 error generated.
configure:14621: $? = 1
configure: failed program was:
| /* confdefs.h */
| #define PACKAGE_NAME "poker-eval"
| #define PACKAGE_TARNAME "poker-eval"
| #define PACKAGE_VERSION "138.0"
| #define PACKAGE_STRING "poker-eval 138.0"
| #define PACKAGE_BUGREPORT ""
| #define PACKAGE_URL ""
| #define PACKAGE "poker-eval"
| #define VERSION "138.0"
| #define HAVE_STDIO_H 1
| #define HAVE_STDLIB_H 1
| #define HAVE_STRING_H 1
| #define HAVE_INTTYPES_H 1
| #define HAVE_STDINT_H 1
| #define HAVE_STRINGS_H 1
| #define HAVE_SYS_STAT_H 1
| #define HAVE_SYS_TYPES_H 1
| #define HAVE_UNISTD_H 1
| #define HAVE_WCHAR_H 1
| #define STDC_HEADERS 1
| #define _ALL_SOURCE 1
| #define _DARWIN_C_SOURCE 1
| #define _GNU_SOURCE 1
| #define _HPUX_ALT_XOPEN_SOCKET_API 1
| #define _NETBSD_SOURCE 1
| #define _OPENBSD_SOURCE 1
| #define _POSIX_PTHREAD_SEMANTICS 1
| #define __STDC_WANT_IEC_60559_ATTRIBS_EXT__ 1
| #define __STDC_WANT_IEC_60559_BFP_EXT__ 1
| #define __STDC_WANT_IEC_60559_DFP_EXT__ 1
| #define __STDC_WANT_IEC_60559_FUNCS_EXT__ 1
| #define __STDC_WANT_IEC_60559_TYPES_EXT__ 1
| #define __STDC_WANT_LIB_EXT2__ 1
| #define __STDC_WANT_MATH_SPEC_FUNCS__ 1
| #define _TANDEM_SOURCE 1
| #define __EXTENSIONS__ 1
| #define HAVE_DLFCN_H 1
| #define LT_OBJDIR ".libs/"
| #define SIZEOF_LONG 8
| #define HAVE_UNISTD_H 1
| #define HAVE_SYS_STAT_H 1
| /* end confdefs.h.  */
| #include <stddef.h>
| #ifdef HAVE_STDIO_H
| # include <stdio.h>
| #endif
| #ifdef HAVE_STDLIB_H
| # include <stdlib.h>
| #endif
| #ifdef HAVE_STRING_H
| # include <string.h>
| #endif
| #ifdef HAVE_INTTYPES_H
| # include <inttypes.h>
| #endif
| #ifdef HAVE_STDINT_H
| # include <stdint.h>
| #endif
| #ifdef HAVE_STRINGS_H
| # include <strings.h>
| #endif
| #ifdef HAVE_SYS_TYPES_H
| # include <sys/types.h>
| #endif
| #ifdef HAVE_SYS_STAT_H
| # include <sys/stat.h>
| #endif
| #ifdef HAVE_UNISTD_H
| # include <unistd.h>
| #endif
| int
| main (void)
| {
| if (sizeof ((long long)))
| 	    return 0;
|   ;
|   return 0;
| }
configure:14621: result: yes
configure:14629: checking for uint64_t
configure:14629: gcc -c -g -O2  -std=c99 -Wall -Wpointer-arith -Wstrict-prototypes conftest.c >&5
configure:14629: $? = 0
configure:14629: gcc -c -g -O2  -std=c99 -Wall -Wpointer-arith -Wstrict-prototypes conftest.c >&5
conftest.c:75:23: error: expected expression
if (sizeof ((uint64_t)))
                      ^
1 error generated.
configure:14629: $? = 1
configure: failed program was:
| /* confdefs.h */
| #define PACKAGE_NAME "poker-eval"
| #define PACKAGE_TARNAME "poker-eval"
| #define PACKAGE_VERSION "138.0"
| #define PACKAGE_STRING "poker-eval 138.0"
| #define PACKAGE_BUGREPORT ""
| #define PACKAGE_URL ""
| #define PACKAGE "poker-eval"
| #define VERSION "138.0"
| #define HAVE_STDIO_H 1
| #define HAVE_STDLIB_H 1
| #define HAVE_STRING_H 1
| #define HAVE_INTTYPES_H 1
| #define HAVE_STDINT_H 1
| #define HAVE_STRINGS_H 1
| #define HAVE_SYS_STAT_H 1
| #define HAVE_SYS_TYPES_H 1
| #define HAVE_UNISTD_H 1
| #define HAVE_WCHAR_H 1
| #define STDC_HEADERS 1
| #define _ALL_SOURCE 1
| #define _DARWIN_C_SOURCE 1
| #define _GNU_SOURCE 1
| #define _HPUX_ALT_XOPEN_SOCKET_API 1
| #define _NETBSD_SOURCE 1
| #define _OPENBSD_SOURCE 1
| #define _POSIX_PTHREAD_SEMANTICS 1
| #define __STDC_WANT_IEC_60559_ATTRIBS_EXT__ 1
| #define __STDC_WANT_IEC_60559_BFP_EXT__ 1
| #define __STDC_WANT_IEC_60559_DFP_EXT__ 1
| #define __STDC_WANT_IEC_60559_FUNCS_EXT__ 1
| #define __STDC_WANT_IEC_60559_TYPES_EXT__ 1
| #define __STDC_WANT_LIB_EXT2__ 1
| #define __STDC_WANT_MATH_SPEC_FUNCS__ 1
| #define _TANDEM_SOURCE 1
| #define __EXTENSIONS__ 1
| #define HAVE_DLFCN_H 1
| #define LT_OBJDIR ".libs/"
| #define SIZEOF_LONG 8
| #define HAVE_UNISTD_H 1
| #define HAVE_SYS_STAT_H 1
| #define HAVE_LONG_LONG 1
| /* end confdefs.h.  */
| #include <stddef.h>
| #ifdef HAVE_STDIO_H
| # include <stdio.h>
| #endif
| #ifdef HAVE_STDLIB_H
| # include <stdlib.h>
| #endif
| #ifdef HAVE_STRING_H
| # include <string.h>
| #endif
| #ifdef HAVE_INTTYPES_H
| # include <inttypes.h>
| #endif
| #ifdef HAVE_STDINT_H
| # include <stdint.h>
| #endif
| #ifdef HAVE_STRINGS_H
| # include <strings.h>
| #endif
| #ifdef HAVE_SYS_TYPES_H
| # include <sys/types.h>
| #endif
| #ifdef HAVE_SYS_STAT_H
| # include <sys/stat.h>
| #endif
| #ifdef HAVE_UNISTD_H
| # include <unistd.h>
| #endif
| int
| main (void)
| {
| if (sizeof ((uint64_t)))
| 	    return 0;
|   ;
|   return 0;
| }
configure:14629: result: yes
configure:14637: checking for int8
configure:14637: gcc -c -g -O2  -std=c99 -Wall -Wpointer-arith -Wstrict-prototypes conftest.c >&5
conftest.c:76:13: error: use of undeclared identifier 'int8'; did you mean 'int'?
if (sizeof (int8))
            ^~~~
            int
conftest.c:76:12: error: reference to overloaded function could not be resolved; did you mean to call it?
if (sizeof (int8))
           ^~~~~~
2 errors generated.
configure:14637: $? = 1
configure: failed program was:
| /* confdefs.h */
| #define PACKAGE_NAME "poker-eval"
| #define PACKAGE_TARNAME "poker-eval"
| #define PACKAGE_VERSION "138.0"
| #define PACKAGE_STRING "poker-eval 138.0"
| #define PACKAGE_BUGREPORT ""
| #define PACKAGE_URL ""
| #define PACKAGE "poker-eval"
| #define VERSION "138.0"
| #define HAVE_STDIO_H 1
| #define HAVE_STDLIB_H 1
| #define HAVE_STRING_H 1
| #define HAVE_INTTYPES_H 1
| #define HAVE_STDINT_H 1
| #define HAVE_STRINGS_H 1
| #define HAVE_SYS_STAT_H 1
| #define HAVE_SYS_TYPES_H 1
| #define HAVE_UNISTD_H 1
| #define HAVE_WCHAR_H 1
| #define STDC_HEADERS 1
| #define _ALL_SOURCE 1
| #define _DARWIN_C_SOURCE 1
| #define _GNU_SOURCE 1
| #define _HPUX_ALT_XOPEN_SOCKET_API 1
| #define _NETBSD_SOURCE 1
| #define _OPENBSD_SOURCE 1
| #define _POSIX_PTHREAD_SEMANTICS 1
| #define __STDC_WANT_IEC_60559_ATTRIBS_EXT__ 1
| #define __STDC_WANT_IEC_60559_BFP_EXT__ 1
| #define __STDC_WANT_IEC_60559_DFP_EXT__ 1
| #define __STDC_WANT_IEC_60559_FUNCS_EXT__ 1
| #define __STDC_WANT_IEC_60559_TYPES_EXT__ 1
| #define __STDC_WANT_LIB_EXT2__ 1
| #define __STDC_WANT_MATH_SPEC_FUNCS__ 1
| #define _TANDEM_SOURCE 1
| #define __EXTENSIONS__ 1
| #define HAVE_DLFCN_H 1
| #define LT_OBJDIR ".libs/"
| #define SIZEOF_LONG 8
| #define HAVE_UNISTD_H 1
| #define HAVE_SYS_STAT_H 1
| #define HAVE_LONG_LONG 1
| #define HAVE_UINT64_T 1
| /* end confdefs.h.  */
| #include <stddef.h>
| #ifdef HAVE_STDIO_H
| # include <stdio.h>
| #endif
| #ifdef HAVE_STDLIB_H
| # include <stdlib.h>
| #endif
| #ifdef HAVE_STRING_H
| # include <string.h>
| #endif
| #ifdef HAVE_INTTYPES_H
| # include <inttypes.h>
| #endif
| #ifdef HAVE_STDINT_H
| # include <stdint.h>
| #endif
| #ifdef HAVE_STRINGS_H
| # include <strings.h>
| #endif
| #ifdef HAVE_SYS_TYPES_H
| # include <sys/types.h>
| #endif
| #ifdef HAVE_SYS_STAT_H
| # include <sys/stat.h>
| #endif
| #ifdef HAVE_UNISTD_H
| # include <unistd.h>
| #endif
| int
| main (void)
| {
| if (sizeof (int8))
| 	 return 0;
|   ;
|   return 0;
| }
configure:14637: result: no
configure:14659: checking for ccache
configure:14697: result: no
configure:14725: checking for gcov
configure:14748: found /usr/bin/gcov
configure:14760: result: /usr/bin/gcov
configure:14892: checking that generated files are newer than configure
configure:14898: result: done
configure:14926: creating ./config.status

## ---------------------- ##
## Running config.status. ##
## ---------------------- ##

This file was extended by poker-eval config.status 138.0, which was
generated by GNU Autoconf 2.71.  Invocation command line was

  CONFIG_FILES    = 
  CONFIG_HEADERS  = 
  CONFIG_LINKS    = 
  CONFIG_COMMANDS = 
  $ ./config.status 

on Williams-MacBook-Pro-2.local

config.status:1114: creating tests/run
config.status:1114: creating Makefile
config.status:1114: creating poker-eval.pc
config.status:1114: creating poker-eval.spec
config.status:1114: creating lib/Makefile
config.status:1114: creating include/Makefile
config.status:1114: creating examples/Makefile
config.status:1114: creating tests/Makefile
config.status:1114: creating include/config.h
config.status:1295: include/config.h is unchanged
config.status:1114: creating include/poker_config.h
config.status:1295: include/poker_config.h is unchanged
config.status:1343: executing depfiles commands
config.status:1420: cd lib       && sed -e '/# am--include-marker/d' Makefile         | make -f - am--depfiles
make: Nothing to be done for `am--depfiles'.
config.status:1425: $? = 0
config.status:1420: cd examples       && sed -e '/# am--include-marker/d' Makefile         | make -f - am--depfiles
make: Nothing to be done for `am--depfiles'.
config.status:1425: $? = 0
config.status:1420: cd tests       && sed -e '/# am--include-marker/d' Makefile         | make -f - am--depfiles
make: Nothing to be done for `am--depfiles'.
config.status:1425: $? = 0
config.status:1343: executing libtool commands

## ---------------- ##
## Cache variables. ##
## ---------------- ##

ac_cv_build=x86_64-apple-darwin19.6.0
ac_cv_c_bigendian=no
ac_cv_c_compiler_gnu=yes
ac_cv_c_const=yes
ac_cv_c_inline=inline
ac_cv_env_CC_set=
ac_cv_env_CC_value=
ac_cv_env_CFLAGS_set=
ac_cv_env_CFLAGS_value=
ac_cv_env_CPPFLAGS_set=
ac_cv_env_CPPFLAGS_value=
ac_cv_env_LDFLAGS_set=
ac_cv_env_LDFLAGS_value=
ac_cv_env_LIBS_set=
ac_cv_env_LIBS_value=
ac_cv_env_LT_SYS_LIBRARY_PATH_set=
ac_cv_env_LT_SYS_LIBRARY_PATH_value=
ac_cv_env_build_alias_set=
ac_cv_env_build_alias_value=
ac_cv_env_host_alias_set=
ac_cv_env_host_alias_value=
ac_cv_env_target_alias_set=
ac_cv_env_target_alias_value=
ac_cv_header_dlfcn_h=yes
ac_cv_header_inttypes_h=yes
ac_cv_header_minix_config_h=no
ac_cv_header_stdint_h=yes
ac_cv_header_stdio_h=yes
ac_cv_header_stdlib_h=yes
ac_cv_header_string_h=yes
ac_cv_header_strings_h=yes
ac_cv_header_sys_stat_h=yes
ac_cv_header_sys_types_h=yes
ac_cv_header_unistd_h=yes
ac_cv_header_wchar_h=yes
ac_cv_host=x86_64-apple-darwin19.6.0
ac_cv_objext=o
ac_cv_path_AWK=/usr/bin/awk
ac_cv_path_EGREP='/usr/bin/grep -E'
ac_cv_path_FGREP='/usr/bin/grep -F'
ac_cv_path_GCOV=/usr/bin/gcov
ac_cv_path_GREP=/usr/bin/grep
ac_cv_path_MD5SUM=/usr/local/bin/md5sum
ac_cv_path_SED=/usr/bin/sed
ac_cv_path_install='/usr/local/bin/ginstall -c'
ac_cv_path_lt_DD=/bin/dd
ac_cv_path_mkdir=/usr/local/bin/gmkdir
ac_cv_prog_AWK=awk
ac_cv_prog_ac_ct_AR=ar
ac_cv_prog_ac_ct_CC=gcc
ac_cv_prog_ac_ct_DSYMUTIL=dsymutil
ac_cv_prog_ac_ct_LIPO=lipo
ac_cv_prog_ac_ct_NMEDIT=nmedit
ac_cv_prog_ac_ct_OBJDUMP=objdump
ac_cv_prog_ac_ct_OTOOL=otool
ac_cv_prog_ac_ct_RANLIB=ranlib
ac_cv_prog_ac_ct_STRIP=strip
ac_cv_prog_cc_c11=
ac_cv_prog_cc_g=yes
ac_cv_prog_cc_stdc=
ac_cv_prog_make_make_set=yes
ac_cv_safe_to_define___extensions__=yes
ac_cv_search_strerror='none required'
ac_cv_should_define__xopen_source=no
ac_cv_sizeof_long=8
ac_cv_target=x86_64-apple-darwin19.6.0
ac_cv_type_int8=no
ac_cv_type_long_long=yes
ac_cv_type_uint64_t=yes
am_cv_CC_dependencies_compiler_type=gcc3
am_cv_make_support_nested_variables=yes
am_cv_prog_cc_c_o=yes
lt_cv_apple_cc_single_mod=yes
lt_cv_ar_at_file=no
lt_cv_deplibs_check_method=pass_all
lt_cv_file_magic_cmd='$MAGIC_CMD'
lt_cv_file_magic_test_file=
lt_cv_ld_exported_symbols_list=yes
lt_cv_ld_force_load=yes
lt_cv_ld_reload_flag=-r
lt_cv_nm_interface='BSD nm'
lt_cv_objdir=.libs
lt_cv_path_LD=/Applications/Xcode.app/Contents/Developer/Toolchains/XcodeDefault.xctoolchain/usr/bin/ld
lt_cv_path_NM='/usr/bin/nm -B'
lt_cv_path_mainfest_tool=no
lt_cv_prog_compiler_c_o=yes
lt_cv_prog_compiler_pic='-fno-common -DPIC'
lt_cv_prog_compiler_pic_works=yes
lt_cv_prog_compiler_rtti_exceptions=yes
lt_cv_prog_compiler_static_works=no
lt_cv_prog_gnu_ld=no
lt_cv_sharedlib_from_linklib_cmd='printf %s\n'
lt_cv_sys_global_symbol_pipe='sed -n -e '\''s/^.*[	 ]\([BCDEGRST][BCDEGRST]*\)[	 ][	 ]*_\([_A-Za-z][_A-Za-z0-9]*\)$/\1 _\2 \2/p'\'' | sed '\''/ __gnu_lto/d'\'''
lt_cv_sys_global_symbol_to_c_name_address='sed -n -e '\''s/^: \(.*\) .*$/  {"\1", (void *) 0},/p'\'' -e '\''s/^[BCDEGRST][BCDEGRST]* .* \(.*\)$/  {"\1", (void *) \&\1},/p'\'''
lt_cv_sys_global_symbol_to_c_name_address_lib_prefix='sed -n -e '\''s/^: \(.*\) .*$/  {"\1", (void *) 0},/p'\'' -e '\''s/^[BCDEGRST][BCDEGRST]* .* \(lib.*\)$/  {"\1", (void *) \&\1},/p'\'' -e '\''s/^[BCDEGRST][BCDEGRST]* .* \(.*\)$/  {"lib\1", (void *) \&\1},/p'\'''
lt_cv_sys_global_symbol_to_cdecl='sed -n -e '\''s/^T .* \(.*\)$/extern int \1();/p'\'' -e '\''s/^[BCDEGRST][BCDEGRST]* .* \(.*\)$/extern char \1;/p'\'''
lt_cv_sys_global_symbol_to_import=
lt_cv_sys_max_cmd_len=196608
lt_cv_to_host_file_cmd=func_convert_file_noop
lt_cv_to_tool_file_cmd=func_convert_file_noop
lt_cv_truncate_bin='/bin/dd bs=4096 count=1'

## ----------------- ##
## Output variables. ##
## ----------------- ##

ACLOCAL='aclocal-1.16'
AMDEPBACKSLASH='\'
AMDEP_FALSE='#'
AMDEP_TRUE=''
AMTAR='$${TAR-tar}'
AM_BACKSLASH='\'
AM_DEFAULT_V='$(AM_DEFAULT_VERBOSITY)'
AM_DEFAULT_VERBOSITY='1'
AM_V='$(V)'
AR='ar'
AUTOCONF='autoconf'
AUTOHEADER='autoheader'
AUTOMAKE='automake-1.16'
AWK='/usr/bin/awk'
CC='gcc'
CCACHE=''
CCDEPMODE='depmode=gcc3'
CFLAGS='-g -O2'
CPPFLAGS=' -std=c99 -Wall -Wpointer-arith -Wstrict-prototypes'
CYGPATH_W='echo'
DEFS='-DHAVE_CONFIG_H'
DEPDIR='.deps'
DLLTOOL='false'
DSYMUTIL='dsymutil'
DUMPBIN=''
ECHO_C='\c'
ECHO_N=''
ECHO_T=''
EGREP='/usr/bin/grep -E'
EXEEXT=''
FGREP='/usr/bin/grep -F'
GCOV='/usr/bin/gcov'
GCOV_CPPFLAGS=''
GCOV_FLAGS=''
GCOV_LDFLAGS=''
GREP='/usr/bin/grep'
INSTALL_DATA='${INSTALL} -m 644'
INSTALL_PROGRAM='${INSTALL}'
INSTALL_SCRIPT='${INSTALL}'
INSTALL_STRIP_PROGRAM='$(install_sh) -c -s'
LD='/Applications/Xcode.app/Contents/Developer/Toolchains/XcodeDefault.xctoolchain/usr/bin/ld'
LDFLAGS=''
LIBOBJS=''
LIBS=''
LIBTOOL='$(SHELL) $(top_builddir)/libtool'
LIPO='lipo'
LN_S='ln -s'
LTLIBOBJS=''
LT_SYS_LIBRARY_PATH=''
MAKEINFO='makeinfo'
MANIFEST_TOOL=':'
MD5SUM='/usr/local/bin/md5sum'
MKDIR_P='/usr/local/bin/gmkdir -p'
NM='/usr/bin/nm -B'
NMEDIT='nmedit'
OBJDUMP='objdump'
OBJEXT='o'
OTOOL64=':'
OTOOL='otool'
PACKAGE='poker-eval'
PACKAGE_BUGREPORT=''
PACKAGE_NAME='poker-eval'
PACKAGE_STRING='poker-eval 138.0'
PACKAGE_TARNAME='poker-eval'
PACKAGE_URL=''
PACKAGE_VERSION='138.0'
PATH_SEPARATOR=':'
RANLIB='ranlib'
SED='/usr/bin/sed'
SET_MAKE=''
SHELL='/bin/sh'
STRIP='strip'
VALGRIND=''
VERSION='138.0'
ac_ct_AR='ar'
ac_ct_CC='gcc'
ac_ct_DUMPBIN=''
am__EXEEXT_FALSE=''
am__EXEEXT_TRUE='#'
am__fastdepCC_FALSE='#'
am__fastdepCC_TRUE=''
am__include='include'
am__isrc=''
am__leading_dot='.'
am__nodep='_no'
am__quote=''
am__tar='$${TAR-tar} chof - "$$tardir"'
am__untar='$${TAR-tar} xf -'
bindir='${exec_prefix}/bin'
build='x86_64-apple-darwin19.6.0'
build_alias=''
build_cpu='x86_64'
build_os='darwin19.6.0'
build_vendor='apple'
datadir='${datarootdir}'
datarootdir='${prefix}/share'
docdir='${datarootdir}/doc/${PACKAGE_TARNAME}'
dvidir='${docdir}'
exec_prefix='${prefix}'
host='x86_64-apple-darwin19.6.0'
host_alias=''
host_cpu='x86_64'
host_os='darwin19.6.0'
host_vendor='apple'
htmldir='${docdir}'
includedir='${prefix}/include'
infodir='${datarootdir}/info'
install_sh='${SHELL} /Users/williampeng/Desktop/pokerproject/poker-eval/config/install-sh'
libdir='${exec_prefix}/lib'
libexecdir='${exec_prefix}/libexec'
localedir='${datarootdir}/locale'
localstatedir='${prefix}/var'
mandir='${datarootdir}/man'
mkdir_p='$(MKDIR_P)'
oldincludedir='/usr/include'
pdfdir='${docdir}'
prefix='/usr/local'
program_transform_name='s,x,x,'
psdir='${docdir}'
runstatedir='${localstatedir}/run'
sbindir='${exec_prefix}/sbin'
sharedstatedir='${prefix}/com'
sysconfdir='${prefix}/etc'
target='x86_64-apple-darwin19.6.0'
target_alias=''
target_cpu='x86_64'
target_os='darwin19.6.0'
target_vendor='apple'

## ----------- ##
## confdefs.h. ##
## ----------- ##

/* confdefs.h */
#define PACKAGE_NAME "poker-eval"
#define PACKAGE_TARNAME "poker-eval"
#define PACKAGE_VERSION "138.0"
#define PACKAGE_STRING "poker-eval 138.0"
#define PACKAGE_BUGREPORT ""
#define PACKAGE_URL ""
#define PACKAGE "poker-eval"
#define VERSION "138.0"
#define HAVE_STDIO_H 1
#define HAVE_STDLIB_H 1
#define HAVE_STRING_H 1
#define HAVE_INTTYPES_H 1
#define HAVE_STDINT_H 1
#define HAVE_STRINGS_H 1
#define HAVE_SYS_STAT_H 1
#define HAVE_SYS_TYPES_H 1
#define HAVE_UNISTD_H 1
#define HAVE_WCHAR_H 1
#define STDC_HEADERS 1
#define _ALL_SOURCE 1
#define _DARWIN_C_SOURCE 1
#define _GNU_SOURCE 1
#define _HPUX_ALT_XOPEN_SOCKET_API 1
#define _NETBSD_SOURCE 1
#define _OPENBSD_SOURCE 1
#define _POSIX_PTHREAD_SEMANTICS 1
#define __STDC_WANT_IEC_60559_ATTRIBS_EXT__ 1
#define __STDC_WANT_IEC_60559_BFP_EXT__ 1
#define __STDC_WANT_IEC_60559_DFP_EXT__ 1
#define __STDC_WANT_IEC_60559_FUNCS_EXT__ 1
#define __STDC_WANT_IEC_60559_TYPES_EXT__ 1
#define __STDC_WANT_LIB_EXT2__ 1
#define __STDC_WANT_MATH_SPEC_FUNCS__ 1
#define _TANDEM_SOURCE 1
#define __EXTENSIONS__ 1
#define HAVE_DLFCN_H 1
#define LT_OBJDIR ".libs/"
#define SIZEOF_LONG 8
#define HAVE_UNISTD_H 1
#define HAVE_SYS_STAT_H 1
#define HAVE_LONG_LONG 1
#define HAVE_UINT64_T 1

configure: exit 0
